2015-04-05 22:34:22 Email: 


   
   Dear Customer McTest,
   Thank You for allowing to serve you
    		   We are constantly striving to deliver an outstanding experience for our customers and would value your feedback about your recent experience 
    		   Would you be willing to take 15 seconds to tell us about your experience ? if so,please click this link
    		   Click here to Complete your Review.
   Thank You.


2015-04-06 06:21:09 Email: 


   
   Dear Marcc Gale,
   Thank You for allowing to serve you
    		   We are constantly striving to deliver an outstanding experience for our customers and would value your feedback about your recent experience 
    		   Would you be willing to take 15 seconds to tell us about your experience ? if so,please click this link
    		   Click here to Complete your Review.
   Thank You.


2015-04-06 06:35:37 Email: 
2015-04-06 06:35:39 Email: 
									  You recieved a Business Review please check.!
								   
2015-04-07 19:52:05 Email: 


   
   Dear Jerry Garcia,
   Thank You for allowing to serve you
    		   We are constantly striving to deliver an outstanding experience for our customers and would value your feedback about your recent experience 
    		   Would you be willing to take 15 seconds to tell us about your experience ? if so,please click this link
    		   Click here to Complete your Review.
   Thank You.


2015-04-07 19:52:40 Email: 


      
      Dear Jerry Garcia ,
      
       Thank you so much for your valuable feedback!
      We work hard to exceed our customers'expectations,We know you have many option so,
        it is rewarding to hear that you are happy you selected MARKETING
        would you be willing to share your comments with others who may be looking our service? if so, simply
        choose you    would you be willing to share site from the links below,click and login then the submit your reviews. 
        Thank you ! We truely appreciate your review and your willingness to share your experience

        Review Us on GoogleGoogle
        Review Us on YelpYELP
        Review Us on Yellow pagesPAGE        


2015-04-07 19:52:41 Email: 


      
      Dear SmartLink Internet Marketing,
      
       You have got review by Jerry Garcia !
      
        
        
       ;

